<?xml version="1.0" encoding="UTF-8"?>
<!-- Generated by org.testng.reporters.JUnitReportReporter -->
<testsuite hostname="DESKTOP-6QCN0R3" failures="0" tests="3" name="day3.login1" time="0.025" errors="0" timestamp="2021-05-10T20:50:44 IST" skipped="0">
  <testcase classname="day3.login1" name="imps" time="0.015"/>
  <system-out/>
  <testcase classname="day3.login1" name="rtgs" time="0.004"/>
  <system-out/>
  <testcase classname="day3.login1" name="neft" time="0.006"/>
  <system-out/>
</testsuite> <!-- day3.login1 -->
