<?xml version="1.0" encoding="UTF-8"?>
<!-- Generated by org.testng.reporters.JUnitReportReporter -->
<testsuite hostname="DESKTOP-6QCN0R3" failures="0" tests="1" name="demoqa.sortable" time="14.382" errors="0" timestamp="15 Jun 2021 09:46:45 GMT" skipped="0">
  <testcase classname="demoqa.sortable" name="m3" time="14.382"/>
</testsuite> <!-- demoqa.sortable -->
