<?xml version="1.0" encoding="UTF-8"?>
<!-- Generated by org.testng.reporters.JUnitReportReporter -->
<testsuite hostname="DESKTOP-6QCN0R3" failures="0" tests="1" name="lanching.lanchingchrome" time="2.940" errors="0" timestamp="19 May 2021 09:38:16 GMT" skipped="0">
  <testcase classname="lanching.lanchingchrome" name="m1" time="2.940"/>
</testsuite> <!-- lanching.lanchingchrome -->
