<?xml version="1.0" encoding="UTF-8"?>
<!-- Generated by org.testng.reporters.JUnitReportReporter -->
<testsuite hostname="DESKTOP-6QCN0R3" failures="0" tests="1" name="lanching.chrome2" time="24.987" errors="0" timestamp="23 May 2021 13:46:54 GMT" skipped="0">
  <testcase classname="lanching.chrome2" name="m3" time="24.987"/>
</testsuite> <!-- lanching.chrome2 -->
