<?xml version="1.0" encoding="UTF-8"?>
<!-- Generated by org.testng.reporters.JUnitReportReporter -->
<testsuite hostname="DESKTOP-6QCN0R3" failures="0" tests="1" name="leafground.linktext" time="38.744" errors="0" timestamp="15 Jun 2021 10:52:52 GMT" skipped="0">
  <testcase classname="leafground.linktext" name="m1" time="38.744"/>
</testsuite> <!-- leafground.linktext -->
