<?xml version="1.0" encoding="UTF-8"?>
<!-- Generated by org.testng.reporters.JUnitReportReporter -->
<testsuite hostname="DESKTOP-6QCN0R3" failures="0" tests="3" name="day3.orderoftestn" time="0.021" errors="0" timestamp="2021-05-10T20:53:31 IST" skipped="0">
  <testcase classname="day3.orderoftestn" name="rtgs" time="0.015"/>
  <system-out/>
  <testcase classname="day3.orderoftestn" name="imps" time="0.003"/>
  <system-out/>
  <testcase classname="day3.orderoftestn" name="neft" time="0.003"/>
  <system-out/>
</testsuite> <!-- day3.orderoftestn -->
