<?xml version="1.0" encoding="UTF-8"?>
<!-- Generated by org.testng.reporters.JUnitReportReporter -->
<testsuite hostname="DESKTOP-6QCN0R3" failures="0" tests="2" name="day3.Listeners" time="10.115" errors="0" timestamp="2021-05-13T09:22:37 IST" skipped="0">
  <testcase classname="day3.Listeners" name="m1" time="10.105"/>
  <system-out/>
  <testcase classname="day3.Listeners" name="m2" time="0.010"/>
  <system-out/>
</testsuite> <!-- day3.Listeners -->
