<?xml version="1.0" encoding="UTF-8"?>
<!-- Generated by org.testng.reporters.JUnitReportReporter -->
<testsuite hostname="DESKTOP-6QCN0R3" failures="0" tests="1" name="leafground.frames" time="60.881" errors="0" timestamp="01 Jun 2021 12:16:41 GMT" skipped="0">
  <testcase classname="leafground.frames" name="frames1" time="60.881"/>
</testsuite> <!-- leafground.frames -->
