<?xml version="1.0" encoding="UTF-8"?>
<!-- Generated by org.testng.reporters.JUnitReportReporter -->
<testsuite hostname="DESKTOP-6QCN0R3" failures="0" tests="4" name="day3.dependsonmethod" time="0.018" errors="0" timestamp="2021-05-11T13:06:41 IST" skipped="0">
  <testcase classname="day3.dependsonmethod" name="function21" time="0.002"/>
  <system-out/>
  <testcase classname="day3.dependsonmethod" name="login2" time="0.013"/>
  <system-out/>
  <testcase classname="day3.dependsonmethod" name="function22" time="0.002"/>
  <system-out/>
  <testcase classname="day3.dependsonmethod" name="logout2" time="0.001"/>
  <system-out/>
</testsuite> <!-- day3.dependsonmethod -->
