<?xml version="1.0" encoding="UTF-8"?>
<!-- Generated by org.testng.reporters.JUnitReportReporter -->
<testsuite hostname="DESKTOP-6QCN0R3" failures="0" tests="1" name="leafground.draganddrop" time="9.274" errors="0" timestamp="01 Jun 2021 12:14:31 GMT" skipped="0">
  <testcase classname="leafground.draganddrop" name="draganddrops" time="9.274"/>
</testsuite> <!-- leafground.draganddrop -->
