<?xml version="1.0" encoding="UTF-8"?>
<!-- Generated by org.testng.reporters.JUnitReportReporter -->
<testsuite hostname="DESKTOP-6QCN0R3" failures="0" tests="5" name="day3.groupingconcept" time="0.022" errors="0" timestamp="2021-05-11T15:16:03 IST" skipped="0">
  <testcase classname="day3.groupingconcept" name="logout51" time="0.001"/>
  <system-out/>
  <testcase classname="day3.groupingconcept" name="login51" time="0.013"/>
  <system-out/>
  <testcase classname="day3.groupingconcept" name="samsungphone" time="0.003"/>
  <system-out/>
  <testcase classname="day3.groupingconcept" name="applephone" time="0.002"/>
  <system-out/>
  <testcase classname="day3.groupingconcept" name="htcphone" time="0.003"/>
  <system-out/>
</testsuite> <!-- day3.groupingconcept -->
