<?xml version="1.0" encoding="UTF-8"?>
<!-- Generated by org.testng.reporters.JUnitReportReporter -->
<testsuite hostname="DESKTOP-6QCN0R3" failures="0" tests="1" name="leafground.sortablew" time="46.334" errors="0" timestamp="15 Jun 2021 09:29:50 GMT" skipped="0">
  <testcase classname="leafground.sortablew" name="m2" time="46.334"/>
</testsuite> <!-- leafground.sortablew -->
