<?xml version="1.0" encoding="UTF-8"?>
<!-- Generated by org.testng.reporters.JUnitReportReporter -->
<testsuite hostname="DESKTOP-6QCN0R3" failures="0" tests="4" name="day3.login3" time="0.018" errors="0" timestamp="2021-05-11T14:09:34 IST" skipped="0">
  <testcase classname="day3.login3" name="function32" time="0.002"/>
  <system-out/>
  <testcase classname="day3.login3" name="logout4" time="0.002"/>
  <system-out/>
  <testcase classname="day3.login3" name="function31" time="0.002"/>
  <system-out/>
  <testcase classname="day3.login3" name="login4" time="0.012"/>
  <system-out/>
</testsuite> <!-- day3.login3 -->
