<?xml version="1.0" encoding="UTF-8"?>
<!-- Generated by org.testng.reporters.JUnitReportReporter -->
<testsuite hostname="DESKTOP-6QCN0R3" failures="0" tests="2" name="day3.list" time="10.125" errors="0" timestamp="2021-05-13T09:37:50 IST" skipped="0">
  <testcase classname="day3.list" name="m1" time="10.121"/>
  <system-out/>
  <testcase classname="day3.list" name="m2" time="0.004"/>
  <system-out/>
</testsuite> <!-- day3.list -->
