<?xml version="1.0" encoding="UTF-8"?>
<!-- Generated by org.testng.reporters.JUnitReportReporter -->
<testsuite hostname="DESKTOP-6QCN0R3" failures="0" tests="1" name="leafground.droppable" time="9.999" errors="0" timestamp="01 Jun 2021 12:31:44 GMT" skipped="0">
  <testcase classname="leafground.droppable" name="droppables" time="9.999"/>
</testsuite> <!-- leafground.droppable -->
