<?xml version="1.0" encoding="UTF-8"?>
<!-- Generated by org.testng.reporters.JUnitReportReporter -->
<testsuite hostname="DESKTOP-6QCN0R3" failures="0" tests="1" name="leafground.tooltip" time="16.512" errors="0" timestamp="15 Jun 2021 11:23:31 GMT" skipped="0">
  <testcase classname="leafground.tooltip" name="m1" time="16.512"/>
</testsuite> <!-- leafground.tooltip -->
