<?xml version="1.0" encoding="UTF-8"?>
<!-- Generated by org.testng.reporters.JUnitReportReporter -->
<testsuite hostname="DESKTOP-6QCN0R3" failures="0" tests="1" name="leafground.button" time="8.788" errors="0" timestamp="26 May 2021 13:02:23 GMT" skipped="0">
  <testcase classname="leafground.button" name="buttons" time="8.788"/>
</testsuite> <!-- leafground.button -->
