<?xml version="1.0" encoding="UTF-8"?>
<!-- Generated by org.testng.reporters.JUnitReportReporter -->
<testsuite hostname="DESKTOP-6QCN0R3" failures="0" tests="3" name="day3.enabledconcept" time="0.017" errors="0" timestamp="2021-05-11T19:34:00 IST" skipped="0">
  <testcase classname="day3.enabledconcept" name="enabledconcept2" time="0.002"/>
  <system-out/>
  <testcase classname="day3.enabledconcept" name="enabledconcept3" time="0.013"/>
  <system-out/>
  <testcase classname="day3.enabledconcept" name="enabledconcept1" time="0.002"/>
  <system-out/>
</testsuite> <!-- day3.enabledconcept -->
