<?xml version="1.0" encoding="UTF-8"?>
<!-- Generated by org.testng.reporters.JUnitReportReporter -->
<testsuite hostname="DESKTOP-6QCN0R3" failures="0" tests="1" name="leafground.alert" time="44.677" errors="0" timestamp="31 May 2021 12:28:20 GMT" skipped="0">
  <testcase classname="leafground.alert" name="alert1" time="44.677"/>
</testsuite> <!-- leafground.alert -->
