<?xml version="1.0" encoding="UTF-8"?>
<!-- Generated by org.testng.reporters.JUnitReportReporter -->
<testsuite hostname="DESKTOP-6QCN0R3" failures="0" tests="3" name="day3.login2" time="0.016" errors="0" timestamp="2021-05-10T21:02:42 IST" skipped="0">
  <testcase classname="day3.login2" name="function21" time="0.002"/>
  <system-out/>
  <testcase classname="day3.login2" name="logout2" time="0.002"/>
  <system-out/>
  <testcase classname="day3.login2" name="login2" time="0.012"/>
  <system-out/>
</testsuite> <!-- day3.login2 -->
