<?xml version="1.0" encoding="UTF-8"?>
<!-- Generated by org.testng.reporters.JUnitReportReporter -->
<testsuite hostname="DESKTOP-6QCN0R3" failures="0" tests="1" name="leafground.editboxes" time="22.620" errors="0" timestamp="26 May 2021 09:09:10 GMT" skipped="0">
  <testcase classname="leafground.editboxes" name="editbox" time="22.620"/>
</testsuite> <!-- leafground.editboxes -->
