<?xml version="1.0" encoding="UTF-8"?>
<!-- Generated by org.testng.reporters.JUnitReportReporter -->
<testsuite hostname="DESKTOP-6QCN0R3" failures="0" tests="1" name="day3.parameter" time="0.015" errors="0" timestamp="17 May 2021 09:15:21 GMT" skipped="0">
  <testcase classname="day3.parameter" name="m1" time="0.015"/>
</testsuite> <!-- day3.parameter -->
