<?xml version="1.0" encoding="UTF-8"?>
<!-- Generated by org.testng.reporters.JUnitReportReporter -->
<testsuite hostname="DESKTOP-6QCN0R3" failures="0" tests="1" name="lanching.crome3" time="12.652" errors="0" timestamp="25 May 2021 09:29:07 GMT" skipped="0">
  <testcase classname="lanching.crome3" name="m4" time="12.652"/>
</testsuite> <!-- lanching.crome3 -->
