<?xml version="1.0" encoding="UTF-8"?>
<!-- Generated by org.testng.reporters.JUnitReportReporter -->
<testsuite hostname="DESKTOP-6QCN0R3" failures="0" tests="4" name="day3.testusingclasslevelattest" time="0.023" errors="0" timestamp="2021-05-11T13:11:23 IST" skipped="0">
  <testcase classname="day3.testusingclasslevelattest" name="function31" time="0.014"/>
  <system-out/>
  <testcase classname="day3.testusingclasslevelattest" name="function34" time="0.003"/>
  <system-out/>
  <testcase classname="day3.testusingclasslevelattest" name="function32" time="0.004"/>
  <system-out/>
  <testcase classname="day3.testusingclasslevelattest" name="function33" time="0.002"/>
  <system-out/>
</testsuite> <!-- day3.testusingclasslevelattest -->
