<?xml version="1.0" encoding="UTF-8"?>
<!-- Generated by org.testng.reporters.JUnitReportReporter -->
<testsuite hostname="DESKTOP-6QCN0R3" failures="0" tests="1" name="demoqa.tooltip" time="9.019" errors="0" timestamp="07 Jun 2021 01:11:09 GMT" skipped="0">
  <testcase classname="demoqa.tooltip" name="tooltips" time="9.019"/>
</testsuite> <!-- demoqa.tooltip -->
