<?xml version="1.0" encoding="UTF-8"?>
<!-- Generated by org.testng.reporters.JUnitReportReporter -->
<testsuite hostname="DESKTOP-6QCN0R3" failures="0" tests="1" name="leafground.radiobutton" time="13.592" errors="0" timestamp="26 May 2021 13:48:51 GMT" skipped="0">
  <testcase classname="leafground.radiobutton" name="radiobuttons" time="13.592"/>
</testsuite> <!-- leafground.radiobutton -->
