<?xml version="1.0" encoding="UTF-8"?>
<!-- Generated by org.testng.reporters.JUnitReportReporter -->
<testsuite hostname="DESKTOP-6QCN0R3" failures="0" tests="1" name="lanching.launchingchrome" time="36.819" errors="0" timestamp="23 May 2021 07:10:23 GMT" skipped="0">
  <testcase classname="lanching.launchingchrome" name="launchingchrome1" time="36.819"/>
</testsuite> <!-- lanching.launchingchrome -->
