<?xml version="1.0" encoding="UTF-8"?>
<!-- Generated by org.testng.reporters.JUnitReportReporter -->
<testsuite hostname="DESKTOP-6QCN0R3" failures="0" tests="1" name="demoqa.button" time="24.937" errors="0" timestamp="07 Jun 2021 01:09:05 GMT" skipped="0">
  <testcase classname="demoqa.button" name="buttons" time="24.937"/>
</testsuite> <!-- demoqa.button -->
