<?xml version="1.0" encoding="UTF-8"?>
<!-- Generated by org.testng.reporters.JUnitReportReporter -->
<testsuite hostname="DESKTOP-6QCN0R3" failures="0" tests="1" name="leafground.tables" time="16.169" errors="0" timestamp="15 Jun 2021 12:06:17 GMT" skipped="0">
  <testcase classname="leafground.tables" name="m1" time="16.169"/>
</testsuite> <!-- leafground.tables -->
