<?xml version="1.0" encoding="UTF-8"?>
<!-- Generated by org.testng.reporters.JUnitReportReporter -->
<testsuite hostname="DESKTOP-6QCN0R3" failures="0" tests="1" name="day3.timeout1" time="6.029" errors="0" timestamp="2021-05-13T15:30:44 IST" skipped="0">
  <testcase classname="day3.timeout1" name="function61" time="6.029"/>
  <system-out/>
</testsuite> <!-- day3.timeout1 -->
