<?xml version="1.0" encoding="UTF-8"?>
<!-- Generated by org.testng.reporters.JUnitReportReporter -->
<testsuite hostname="DESKTOP-6QCN0R3" failures="0" tests="1" name="lanching.launchinchrome1" time="37.553" errors="0" timestamp="23 May 2021 08:56:38 GMT" skipped="0">
  <testcase classname="lanching.launchinchrome1" name="m2" time="37.553"/>
</testsuite> <!-- lanching.launchinchrome1 -->
