<?xml version="1.0" encoding="UTF-8"?>
<!-- Generated by org.testng.reporters.JUnitReportReporter -->
<testsuite hostname="DESKTOP-6QCN0R3" failures="0" tests="6" name="day3.grouping1" time="0.042" errors="0" timestamp="26 May 2021 08:05:38 GMT" skipped="0">
  <testcase classname="day3.grouping1" name="skullcandy" time="0.004"/>
  <testcase classname="day3.grouping1" name="boatheadset" time="0.021"/>
  <testcase classname="day3.grouping1" name="grocery2" time="0.003"/>
  <testcase classname="day3.grouping1" name="grocery1" time="0.003"/>
  <testcase classname="day3.grouping1" name="grocery3" time="0.004"/>
  <testcase classname="day3.grouping1" name="jblheadset" time="0.007"/>
</testsuite> <!-- day3.grouping1 -->
