<?xml version="1.0" encoding="UTF-8"?>
<!-- Generated by org.testng.reporters.JUnitReportReporter -->
<testsuite hostname="DESKTOP-6QCN0R3" failures="0" tests="2" name="day3.invocationCount" time="0.019" errors="0" timestamp="2021-05-13T15:53:42 IST" skipped="0">
  <testcase classname="day3.invocationCount" name="m1" time="0.018"/>
  <system-out/>
  <testcase classname="day3.invocationCount" name="m2" time="0.001"/>
  <system-out/>
</testsuite> <!-- day3.invocationCount -->
